{
  "stats": {
    "suites": 1,
    "tests": 1,
    "passes": 1,
    "pending": 0,
    "failures": 0,
    "start": "2020-11-03T12:24:56.622Z",
    "end": "2020-11-03T12:24:56.661Z",
    "duration": 39,
    "testsRegistered": 1,
    "passPercent": 100,
    "pendingPercent": 0,
    "other": 0,
    "hasOther": false,
    "skipped": 0,
    "hasSkipped": false
  },
  "results": [
    {
      "uuid": "711e735b-e189-4dc2-a02f-6790ef386b3d",
      "title": "",
      "fullFile": "",
      "file": "",
      "beforeHooks": [],
      "afterHooks": [],
      "tests": [],
      "suites": [
        {
          "uuid": "90ba4557-5722-40b3-b44d-cc6fe3e63f4e",
          "title": "test foo",
          "fullFile": "C:\\Users\\user279\\Documents\\ReactMyAPP\\test\\test.js",
          "file": "\\test\\test.js",
          "beforeHooks": [],
          "afterHooks": [],
          "tests": [
            {
              "title": "fails majestically",
              "fullTitle": "test foo fails majestically",
              "timedOut": false,
              "duration": 8,
              "state": "passed",
              "speed": "fast",
              "pass": true,
              "fail": false,
              "pending": false,
              "context": null,
              "code": "foo.should.be.a('string');\nfoo.should.equal('bar');\nfoo.should.have.length(3);\nbeverages.should.have.property('tea').with.length(3);",
              "err": {},
              "uuid": "7d321d6c-3e7a-41d5-b11a-d45dd12470af",
              "parentUUID": "90ba4557-5722-40b3-b44d-cc6fe3e63f4e",
              "isHook": false,
              "skipped": false
            }
          ],
          "suites": [],
          "passes": [
            "7d321d6c-3e7a-41d5-b11a-d45dd12470af"
          ],
          "failures": [],
          "pending": [],
          "skipped": [],
          "duration": 8,
          "root": false,
          "rootEmpty": false,
          "_timeout": 2000
        }
      ],
      "passes": [],
      "failures": [],
      "pending": [],
      "skipped": [],
      "duration": 0,
      "root": true,
      "rootEmpty": true,
      "_timeout": 2000
    }
  ],
  "meta": {
    "mocha": {
      "version": "5.2.0"
    },
    "mochawesome": {
      "options": {
        "quiet": false,
        "reportFilename": "mochawesome",
        "saveHtml": true,
        "saveJson": true,
        "consoleReporter": "spec",
        "useInlineDiffs": false
      },
      "version": "4.1.0"
    },
    "marge": {
      "options": {},
      "version": "4.0.1"
    }
  }
}