<?xml version="1.0" encoding="UTF-8"?>
<coverage generated="1604473034568" clover="3.2.0">
  <project timestamp="1604473034569" name="All files">
    <metrics statements="11" coveredstatements="11" conditionals="4" coveredconditionals="2" methods="6" coveredmethods="6" elements="21" coveredelements="19" complexity="0" loc="11" ncloc="11" packages="1" files="2" classes="2"/>
    <file name="filtered.js" path="C:\Users\user279\Documents\ReactMyAPP\filtered.js">
      <metrics statements="6" coveredstatements="6" conditionals="4" coveredconditionals="2" methods="2" coveredmethods="2"/>
      <line num="2" count="2" type="cond" truecount="1" falsecount="1"/>
      <line num="3" count="2" type="cond" truecount="1" falsecount="1"/>
      <line num="4" count="2" type="stmt"/>
      <line num="5" count="2" type="stmt"/>
      <line num="6" count="6" type="stmt"/>
      <line num="10" count="1" type="stmt"/>
    </file>
    <file name="math.js" path="C:\Users\user279\Documents\ReactMyAPP\math.js">
      <metrics statements="5" coveredstatements="5" conditionals="0" coveredconditionals="0" methods="4" coveredmethods="4"/>
      <line num="1" count="1" type="stmt"/>
      <line num="2" count="1" type="stmt"/>
      <line num="3" count="1" type="stmt"/>
      <line num="4" count="1" type="stmt"/>
      <line num="6" count="1" type="stmt"/>
    </file>
  </project>
</coverage>
